This is pdfTeX, Version 3.1415926-2.5-1.40.14 (TeX Live 2013) (format=pdflatex 2013.5.30)  23 MAR 2015 16:54
entering extended mode
 restricted \write18 enabled.
 file:line:error style messages enabled.
 %&-line parsing enabled.
**uiucecethesis09.cls
(./uiucecethesis09.cls
LaTeX2e <2011/06/27>
Babel <3.9f> and hyphenation patterns for 78 languages loaded.

LaTeX Warning: You have requested package `',
               but the package provides `uiucecethesis09'.

Package: uiucecethesis09 2010/06/23\ ECE3.10\ UIUC Thesis (PJC)
(/usr/local/texlive/2013/texmf-dist/tex/latex/setspace/setspace.sty
Package: setspace 2011/12/19 v6.7a set line spacing
)
(/usr/local/texlive/2013/texmf-dist/tex/latex/tools/calc.sty
Package: calc 2007/08/22 v4.3 Infix arithmetic (KKT,FJ)
\calc@Acount=\count79
\calc@Bcount=\count80
\calc@Adimen=\dimen102
\calc@Bdimen=\dimen103
\calc@Askip=\skip41
\calc@Bskip=\skip42
LaTeX Info: Redefining \setlength on input line 76.
LaTeX Info: Redefining \addtolength on input line 77.
\calc@Ccount=\count81
\calc@Cskip=\skip43
)
./uiucecethesis09.cls:52: You can't use `\spacefactor' in vertical mode.
\@->\spacefactor 
                 \@m 
l.52 \@
       ifundefined{MakeUppercase}{\let\MakeUppercase=\uppercase}{}
? 
./uiucecethesis09.cls:52: Emergency stop.
\@->\spacefactor 
                 \@m 
l.52 \@
       ifundefined{MakeUppercase}{\let\MakeUppercase=\uppercase}{}
End of file on the terminal!

 
Here is how much of TeX's memory you used:
 121 strings out of 493315
 1925 string characters out of 6137904
 52158 words of memory out of 5000000
 3663 multiletter control sequences out of 15000+600000
 3640 words of font info for 14 fonts, out of 8000000 for 9000
 957 hyphenation exceptions out of 8191
 16i,0n,17p,155b,10s stack positions out of 5000i,500n,10000p,200000b,80000s
./uiucecethesis09.cls:52:  ==> Fatal error occurred, no output PDF file produce
d!
