\BOOKMARK [1][-]{section.1}{Introduction}{}% 1
\BOOKMARK [2][-]{subsection.1.1}{Motivation}{section.1}% 2
\BOOKMARK [1][-]{section.2}{Generating a Motion Signal}{}% 3
\BOOKMARK [2][-]{subsection.2.1}{Facial detection and image stabilization}{section.2}% 4
\BOOKMARK [2][-]{subsection.2.2}{Motion extraction}{section.2}% 5
\BOOKMARK [2][-]{subsection.2.3}{Results}{section.2}% 6
\BOOKMARK [1][-]{section.3}{Gathering EEG Data}{}% 7
\BOOKMARK [2][-]{subsection.3.1}{Experimental setup}{section.3}% 8
\BOOKMARK [2][-]{subsection.3.2}{Data processing and cleaning}{section.3}% 9
\BOOKMARK [1][-]{section.4}{Removing Motion Components}{}% 10
\BOOKMARK [2][-]{subsection.4.1}{Similarity measure for motion and EEG signal}{section.4}% 11
\BOOKMARK [2][-]{subsection.4.2}{Note on ICA algorithms}{section.4}% 12
\BOOKMARK [1][-]{section.5}{Results}{}% 13
\BOOKMARK [2][-]{subsection.5.1}{Reconstruction}{section.5}% 14
\BOOKMARK [2][-]{subsection.5.2}{Power Spectral Density}{section.5}% 15
\BOOKMARK [1][-]{section.6}{Further Work}{}% 16
\BOOKMARK [2][-]{subsection.6.1}{Success measure}{section.6}% 17
\BOOKMARK [2][-]{subsection.6.2}{Sliding filter to replace segmentation}{section.6}% 18
\BOOKMARK [2][-]{subsection.6.3}{Other algorithms for source separation}{section.6}% 19
\BOOKMARK [2][-]{subsection.6.4}{Real-time system}{section.6}% 20
\BOOKMARK [1][-]{section.7}{Conclusions}{}% 21
